<?xml version="1.0" encoding="UTF-8"?>
<testng-results ignored="0" total="2" passed="2" failed="0" skipped="0">
  <reporter-output>
  </reporter-output>
  <suite started-at="2025-04-02T15:44:58 IST" name="Default suite" finished-at="2025-04-02T15:45:27 IST" duration-ms="28884">
    <groups>
    </groups>
    <test started-at="2025-04-02T15:44:58 IST" name="Default test" finished-at="2025-04-02T15:45:27 IST" duration-ms="28884">
      <class name="testCases.testCaseUpdPat">
        <test-method is-config="true" signature="beforeSut()[pri:0, instance:testCases.testCaseUpdPat@32eff876]" started-at="2025-04-02T15:44:56 IST" name="beforeSut" finished-at="2025-04-02T15:44:58 IST" duration-ms="2601" status="PASS">
          <reporter-output>
          </reporter-output>
        </test-method> <!-- beforeSut -->
        <test-method is-config="true" signature="navigateToSite()[pri:0, instance:testCases.testCaseUpdPat@32eff876]" started-at="2025-04-02T15:44:58 IST" name="navigateToSite" finished-at="2025-04-02T15:45:02 IST" duration-ms="4077" status="PASS">
          <reporter-output>
          </reporter-output>
        </test-method> <!-- navigateToSite -->
        <test-method signature="provideValidCredentials()[pri:1, instance:testCases.testCaseUpdPat@32eff876]" started-at="2025-04-02T15:45:02 IST" name="provideValidCredentials" finished-at="2025-04-02T15:45:09 IST" duration-ms="6287" status="PASS">
          <reporter-output>
          </reporter-output>
        </test-method> <!-- provideValidCredentials -->
        <test-method signature="updateDet()[pri:2, instance:testCases.testCaseUpdPat@32eff876]" started-at="2025-04-02T15:45:09 IST" name="updateDet" finished-at="2025-04-02T15:45:27 IST" duration-ms="18257" status="PASS">
          <reporter-output>
          </reporter-output>
        </test-method> <!-- updateDet -->
        <test-method is-config="true" signature="closeDriver()[pri:0, instance:testCases.testCaseUpdPat@32eff876]" started-at="2025-04-02T15:45:27 IST" name="closeDriver" finished-at="2025-04-02T15:45:27 IST" duration-ms="205" status="PASS">
          <reporter-output>
          </reporter-output>
        </test-method> <!-- closeDriver -->
      </class> <!-- testCases.testCaseUpdPat -->
    </test> <!-- Default test -->
  </suite> <!-- Default suite -->
</testng-results>
